2025-09-24 07:36:41 - HikariPool-1 - Thread starvation or clock leap detected (housekeeper delta=11h5m36s98ms978µs500ns).
2025-09-24 09:08:42 - HikariPool-1 - Thread starvation or clock leap detected (housekeeper delta=1h29m26s697ms250µs700ns).
2025-09-24 09:19:11 - GET "/login", parameters={}
2025-09-24 09:19:11 - Mapped to com.amaris.sensorprocessor.controller.HomeController#loginPage()
2025-09-24 09:19:11 - Selected 'text/html' given [text/html, application/xhtml+xml, image/avif, image/webp, image/apng, application/xml;q=0.9, */*;q=0.8, application/signed-exchange;v=b3;q=0.7]
2025-09-24 09:19:11 - Completed 200 OK
2025-09-24 09:19:12 - GET "/css/styles.css", parameters={}
2025-09-24 09:19:12 - GET "/css/login-home.css", parameters={}
2025-09-24 09:19:12 - GET "/image/mantu-logo.jpg", parameters={}
2025-09-24 09:19:12 - Mapped to ResourceHttpRequestHandler [classpath [META-INF/resources/], classpath [resources/], classpath [static/], classpath [public/], ServletContext [/]]
2025-09-24 09:19:12 - Mapped to ResourceHttpRequestHandler [classpath [META-INF/resources/], classpath [resources/], classpath [static/], classpath [public/], ServletContext [/]]
2025-09-24 09:19:12 - Mapped to ResourceHttpRequestHandler [classpath [META-INF/resources/], classpath [resources/], classpath [static/], classpath [public/], ServletContext [/]]
2025-09-24 09:19:12 - GET "/login", parameters={}
2025-09-24 09:19:12 - Mapped to com.amaris.sensorprocessor.controller.HomeController#loginPage()
2025-09-24 09:19:12 - Selected '*/*' given [*/*]
2025-09-24 09:19:12 - Completed 200 OK
2025-09-24 09:19:12 - Completed 200 OK
2025-09-24 09:19:12 - Completed 200 OK
2025-09-24 09:19:12 - Completed 200 OK
2025-09-24 09:19:12 - GET "/image/mantu-background.jpg", parameters={}
2025-09-24 09:19:12 - Mapped to ResourceHttpRequestHandler [classpath [META-INF/resources/], classpath [resources/], classpath [static/], classpath [public/], ServletContext [/]]
2025-09-24 09:19:12 - Completed 200 OK
2025-09-24 09:19:14 - GET "/register", parameters={}
2025-09-24 09:19:14 - Mapped to com.amaris.sensorprocessor.controller.HomeController#registerPage()
2025-09-24 09:19:14 - Selected 'text/html' given [text/html, application/xhtml+xml, image/avif, image/webp, image/apng, application/xml;q=0.9, */*;q=0.8, application/signed-exchange;v=b3;q=0.7]
2025-09-24 09:19:15 - Completed 200 OK
2025-09-24 09:19:15 - GET "/css/register.css", parameters={}
2025-09-24 09:19:15 - GET "/image/mantu-logo.jpg", parameters={}
2025-09-24 09:19:15 - GET "/css/styles.css", parameters={}
2025-09-24 09:19:15 - Mapped to ResourceHttpRequestHandler [classpath [META-INF/resources/], classpath [resources/], classpath [static/], classpath [public/], ServletContext [/]]
2025-09-24 09:19:15 - Mapped to ResourceHttpRequestHandler [classpath [META-INF/resources/], classpath [resources/], classpath [static/], classpath [public/], ServletContext [/]]
2025-09-24 09:19:15 - Mapped to ResourceHttpRequestHandler [classpath [META-INF/resources/], classpath [resources/], classpath [static/], classpath [public/], ServletContext [/]]
2025-09-24 09:19:15 - GET "/login", parameters={}
2025-09-24 09:19:15 - Mapped to com.amaris.sensorprocessor.controller.HomeController#loginPage()
2025-09-24 09:19:15 - Selected '*/*' given [*/*]
2025-09-24 09:19:15 - Completed 200 OK
2025-09-24 09:19:15 - Completed 200 OK
2025-09-24 09:19:15 - Completed 200 OK
2025-09-24 09:19:15 - Completed 200 OK
2025-09-24 09:19:15 - GET "/image/mantu-background.jpg", parameters={}
2025-09-24 09:19:15 - Mapped to ResourceHttpRequestHandler [classpath [META-INF/resources/], classpath [resources/], classpath [static/], classpath [public/], ServletContext [/]]
2025-09-24 09:19:15 - Completed 200 OK
2025-09-24 09:19:18 - GET "/login", parameters={}
2025-09-24 09:19:18 - Mapped to com.amaris.sensorprocessor.controller.HomeController#loginPage()
2025-09-24 09:19:18 - Selected 'text/html' given [text/html, application/xhtml+xml, image/avif, image/webp, image/apng, application/xml;q=0.9, */*;q=0.8, application/signed-exchange;v=b3;q=0.7]
2025-09-24 09:19:18 - Completed 200 OK
2025-09-24 09:19:18 - GET "/css/styles.css", parameters={}
2025-09-24 09:19:18 - GET "/css/login-home.css", parameters={}
2025-09-24 09:19:18 - Mapped to ResourceHttpRequestHandler [classpath [META-INF/resources/], classpath [resources/], classpath [static/], classpath [public/], ServletContext [/]]
2025-09-24 09:19:18 - Mapped to ResourceHttpRequestHandler [classpath [META-INF/resources/], classpath [resources/], classpath [static/], classpath [public/], ServletContext [/]]
2025-09-24 09:19:18 - GET "/login", parameters={}
2025-09-24 09:19:18 - Mapped to com.amaris.sensorprocessor.controller.HomeController#loginPage()
2025-09-24 09:19:18 - Selected '*/*' given [*/*]
2025-09-24 09:19:18 - Completed 200 OK
2025-09-24 09:19:18 - Completed 200 OK
2025-09-24 09:19:18 - Completed 200 OK
2025-09-24 09:19:24 - GET "/home", parameters={}
2025-09-24 09:19:24 - Mapped to com.amaris.sensorprocessor.controller.HomeController#homePage()
2025-09-24 09:19:24 - Selected 'text/html' given [text/html, application/xhtml+xml, image/avif, image/webp, image/apng, application/xml;q=0.9, */*;q=0.8, application/signed-exchange;v=b3;q=0.7]
2025-09-24 09:19:24 - Completed 200 OK
2025-09-24 09:19:24 - GET "/.well-known/appspecific/com.chrome.devtools.json", parameters={}
2025-09-24 09:19:24 - Mapped to ResourceHttpRequestHandler [classpath [META-INF/resources/], classpath [resources/], classpath [static/], classpath [public/], ServletContext [/]]
2025-09-24 09:19:24 - GET "/css/styles.css", parameters={}
2025-09-24 09:19:24 - Mapped to ResourceHttpRequestHandler [classpath [META-INF/resources/], classpath [resources/], classpath [static/], classpath [public/], ServletContext [/]]
2025-09-24 09:19:24 - GET "/image/mantu-logo.jpg", parameters={}
2025-09-24 09:19:24 - GET "/css/login-home.css", parameters={}
2025-09-24 09:19:24 - Mapped to ResourceHttpRequestHandler [classpath [META-INF/resources/], classpath [resources/], classpath [static/], classpath [public/], ServletContext [/]]
2025-09-24 09:19:24 - Mapped to ResourceHttpRequestHandler [classpath [META-INF/resources/], classpath [resources/], classpath [static/], classpath [public/], ServletContext [/]]
2025-09-24 09:19:24 - Completed 200 OK
2025-09-24 09:19:24 - GET "/image/gateway-icon.svg", parameters={}
2025-09-24 09:19:24 - GET "/image/sensor-icon.svg", parameters={}
2025-09-24 09:19:24 - Mapped to ResourceHttpRequestHandler [classpath [META-INF/resources/], classpath [resources/], classpath [static/], classpath [public/], ServletContext [/]]
2025-09-24 09:19:24 - Resource not found
2025-09-24 09:19:24 - Completed 200 OK
2025-09-24 09:19:24 - Mapped to ResourceHttpRequestHandler [classpath [META-INF/resources/], classpath [resources/], classpath [static/], classpath [public/], ServletContext [/]]
2025-09-24 09:19:24 - GET "/image/manage-user-account.svg", parameters={}
2025-09-24 09:19:24 - GET "/image/user-icon.svg", parameters={}
2025-09-24 09:19:24 - Completed 200 OK
2025-09-24 09:19:24 - Mapped to ResourceHttpRequestHandler [classpath [META-INF/resources/], classpath [resources/], classpath [static/], classpath [public/], ServletContext [/]]
2025-09-24 09:19:24 - Mapped to ResourceHttpRequestHandler [classpath [META-INF/resources/], classpath [resources/], classpath [static/], classpath [public/], ServletContext [/]]
2025-09-24 09:19:24 - GET "/image/mantu-background.jpg", parameters={}
2025-09-24 09:19:24 - Mapped to ResourceHttpRequestHandler [classpath [META-INF/resources/], classpath [resources/], classpath [static/], classpath [public/], ServletContext [/]]
2025-09-24 09:19:24 - Resolved [org.springframework.web.servlet.resource.NoResourceFoundException: No static resource .well-known/appspecific/com.chrome.devtools.json.]
2025-09-24 09:19:24 - Completed 404 NOT_FOUND
2025-09-24 09:19:24 - Completed 200 OK
2025-09-24 09:19:24 - Completed 200 OK
2025-09-24 09:19:24 - Completed 200 OK
2025-09-24 09:19:24 - Completed 200 OK
2025-09-24 09:19:24 - Completed 200 OK
2025-09-24 09:19:24 - "ERROR" dispatch for GET "/error", parameters={}
2025-09-24 09:19:24 - Mapped to org.springframework.boot.autoconfigure.web.servlet.error.BasicErrorController#error(HttpServletRequest)
2025-09-24 09:19:25 - Using 'application/json', given [*/*] and supported [application/json, application/*+json, application/cbor]
2025-09-24 09:19:25 - Writing [{timestamp=Wed Sep 24 09:19:25 CEST 2025, status=404, error=Not Found, path=/.well-known/appspecific (truncated)...]
2025-09-24 09:19:25 - Exiting from "ERROR" dispatch, status 404
2025-09-24 09:25:59 - Commencing graceful shutdown. Waiting for active requests to complete
2025-09-24 09:25:59 - Graceful shutdown complete
2025-09-24 09:26:02 - HikariPool-1 - Shutdown initiated...
2025-09-24 09:26:02 - HikariPool-1 - Shutdown completed.
2025-09-24 09:26:07 - Starting SensorprocessorApplication using Java 17.0.12 with PID 17100 (C:\Users\seraphin.verbeke_ama\Desktop\IoT_Management_App\target\classes started by seraphin.verbeke_ama in C:\Users\seraphin.verbeke_ama\Desktop\IoT_Management_App)
2025-09-24 09:26:07 - No active profile set, falling back to 1 default profile: "default"
2025-09-24 09:26:09 - Tomcat initialized with port 8080 (http)
2025-09-24 09:26:09 - Starting service [Tomcat]
2025-09-24 09:26:09 - Starting Servlet engine: [Apache Tomcat/10.1.44]
2025-09-24 09:26:09 - Initializing Spring embedded WebApplicationContext
2025-09-24 09:26:09 - Root WebApplicationContext: initialization completed in 2007 ms
2025-09-24 09:26:09 - Filter 'hiddenHttpMethodFilter' configured for use
2025-09-24 09:26:09 - HikariPool-1 - Starting...
2025-09-24 09:26:10 - HikariPool-1 - Added connection org.sqlite.jdbc4.JDBC4Connection@ea7a4c3
2025-09-24 09:26:10 - HikariPool-1 - Start completed.
2025-09-24 09:26:11 - Global AuthenticationManager configured with UserDetailsService bean with name customUserDetailsService
2025-09-24 09:26:11 - 31 mappings in 'requestMappingHandlerMapping'
2025-09-24 09:26:11 - Patterns [/webjars/**, /**] in 'resourceHandlerMapping'
2025-09-24 09:26:11 - ControllerAdvice beans: 0 @ModelAttribute, 0 @InitBinder, 1 RequestBodyAdvice, 1 ResponseBodyAdvice
2025-09-24 09:26:11 - ControllerAdvice beans: 0 @ExceptionHandler, 1 ResponseBodyAdvice
2025-09-24 09:26:11 - Tomcat started on port 8080 (http) with context path '/'
2025-09-24 09:26:11 - Started SensorprocessorApplication in 4.921 seconds (process running for 5.457)
2025-09-24 09:26:23 - Initializing Spring DispatcherServlet 'dispatcherServlet'
2025-09-24 09:26:23 - Initializing Servlet 'dispatcherServlet'
2025-09-24 09:26:23 - Detected StandardServletMultipartResolver
2025-09-24 09:26:23 - Detected AcceptHeaderLocaleResolver
2025-09-24 09:26:23 - Detected FixedThemeResolver
2025-09-24 09:26:23 - Detected org.springframework.web.servlet.view.DefaultRequestToViewNameTranslator@308895ba
2025-09-24 09:26:23 - Detected org.springframework.web.servlet.support.SessionFlashMapManager@59fcf9b7
2025-09-24 09:26:23 - enableLoggingRequestDetails='false': request parameters and headers will be masked to prevent unsafe logging of potentially sensitive data
2025-09-24 09:26:23 - Completed initialization in 4 ms
2025-09-24 09:26:23 - GET "/login", parameters={}
2025-09-24 09:26:23 - Mapped to com.amaris.sensorprocessor.controller.HomeController#loginPage()
2025-09-24 09:26:23 - Selected 'text/html' given [text/html, application/xhtml+xml, image/avif, image/webp, image/apng, application/xml;q=0.9, */*;q=0.8, application/signed-exchange;v=b3;q=0.7]
2025-09-24 09:26:24 - Completed 200 OK
2025-09-24 09:26:24 - GET "/css/styles.css", parameters={}
2025-09-24 09:26:24 - Mapped to ResourceHttpRequestHandler [classpath [META-INF/resources/], classpath [resources/], classpath [static/], classpath [public/], ServletContext [/]]
2025-09-24 09:26:24 - GET "/css/login-home.css", parameters={}
2025-09-24 09:26:24 - GET "/image/mantu-logo.jpg", parameters={}
2025-09-24 09:26:24 - Mapped to ResourceHttpRequestHandler [classpath [META-INF/resources/], classpath [resources/], classpath [static/], classpath [public/], ServletContext [/]]
2025-09-24 09:26:24 - Mapped to ResourceHttpRequestHandler [classpath [META-INF/resources/], classpath [resources/], classpath [static/], classpath [public/], ServletContext [/]]
2025-09-24 09:26:24 - Completed 200 OK
2025-09-24 09:26:24 - Completed 200 OK
2025-09-24 09:26:24 - Completed 200 OK
2025-09-24 09:26:24 - GET "/image/mantu-background.jpg", parameters={}
2025-09-24 09:26:24 - Mapped to ResourceHttpRequestHandler [classpath [META-INF/resources/], classpath [resources/], classpath [static/], classpath [public/], ServletContext [/]]
2025-09-24 09:26:24 - Completed 200 OK
2025-09-24 09:26:28 - GET "/home", parameters={}
2025-09-24 09:26:28 - Mapped to com.amaris.sensorprocessor.controller.HomeController#homePage()
2025-09-24 09:26:28 - Selected 'text/html' given [text/html, application/xhtml+xml, image/avif, image/webp, image/apng, application/xml;q=0.9, */*;q=0.8, application/signed-exchange;v=b3;q=0.7]
2025-09-24 09:26:28 - Completed 200 OK
2025-09-24 09:26:28 - GET "/css/styles.css", parameters={}
2025-09-24 09:26:28 - GET "/image/mantu-logo.jpg", parameters={}
2025-09-24 09:26:28 - GET "/css/login-home.css", parameters={}
2025-09-24 09:26:28 - GET "/image/sensor-icon.svg", parameters={}
2025-09-24 09:26:28 - Mapped to ResourceHttpRequestHandler [classpath [META-INF/resources/], classpath [resources/], classpath [static/], classpath [public/], ServletContext [/]]
2025-09-24 09:26:28 - GET "/image/user-icon.svg", parameters={}
2025-09-24 09:26:28 - Mapped to ResourceHttpRequestHandler [classpath [META-INF/resources/], classpath [resources/], classpath [static/], classpath [public/], ServletContext [/]]
2025-09-24 09:26:28 - Mapped to ResourceHttpRequestHandler [classpath [META-INF/resources/], classpath [resources/], classpath [static/], classpath [public/], ServletContext [/]]
2025-09-24 09:26:28 - Mapped to ResourceHttpRequestHandler [classpath [META-INF/resources/], classpath [resources/], classpath [static/], classpath [public/], ServletContext [/]]
2025-09-24 09:26:28 - Mapped to ResourceHttpRequestHandler [classpath [META-INF/resources/], classpath [resources/], classpath [static/], classpath [public/], ServletContext [/]]
2025-09-24 09:26:28 - GET "/image/gateway-icon.svg", parameters={}
2025-09-24 09:26:28 - Completed 200 OK
2025-09-24 09:26:28 - Mapped to ResourceHttpRequestHandler [classpath [META-INF/resources/], classpath [resources/], classpath [static/], classpath [public/], ServletContext [/]]
2025-09-24 09:26:28 - Completed 200 OK
2025-09-24 09:26:28 - Completed 200 OK
2025-09-24 09:26:28 - Completed 200 OK
2025-09-24 09:26:28 - GET "/image/manage-user-account.svg", parameters={}
2025-09-24 09:26:28 - Completed 200 OK
2025-09-24 09:26:28 - Mapped to ResourceHttpRequestHandler [classpath [META-INF/resources/], classpath [resources/], classpath [static/], classpath [public/], ServletContext [/]]
2025-09-24 09:26:28 - Completed 200 OK
2025-09-24 09:26:28 - GET "/image/mantu-background.jpg", parameters={}
2025-09-24 09:26:28 - Mapped to ResourceHttpRequestHandler [classpath [META-INF/resources/], classpath [resources/], classpath [static/], classpath [public/], ServletContext [/]]
2025-09-24 09:26:28 - Completed 200 OK
2025-09-24 09:26:28 - Completed 200 OK
2025-09-24 09:26:30 - GET "/manage-users", parameters={}
2025-09-24 09:26:30 - Mapped to com.amaris.sensorprocessor.controller.UserController#manageUsers(Model)
2025-09-24 09:26:30 - Selected 'text/html' given [text/html, application/xhtml+xml, image/avif, image/webp, image/apng, application/xml;q=0.9, */*;q=0.8, application/signed-exchange;v=b3;q=0.7]
2025-09-24 09:26:30 - [THYMELEAF][http-nio-8080-exec-4][manageUsers] Deprecated unwrapped fragment expression "fragments/header :: appHeader(pageTitle='Manage Users', homeUrl=@{/})" found in template manageUsers, line 12, col 6. Please use the complete syntax of fragment expressions instead ("~{fragments/header :: appHeader(pageTitle='Manage Users', homeUrl=@{/})}"). The old, unwrapped syntax for fragment expressions will be removed in future versions of Thymeleaf.
2025-09-24 09:26:30 - Completed 200 OK
2025-09-24 09:26:30 - GET "/css/styles.css", parameters={}
2025-09-24 09:26:30 - Mapped to ResourceHttpRequestHandler [classpath [META-INF/resources/], classpath [resources/], classpath [static/], classpath [public/], ServletContext [/]]
2025-09-24 09:26:30 - GET "/css/manageUsers.css", parameters={}
2025-09-24 09:26:30 - GET "/image/delete-icon.svg", parameters={}
2025-09-24 09:26:30 - GET "/image/mantu-logo.jpg", parameters={}
2025-09-24 09:26:30 - GET "/image/edit-icon.svg", parameters={}
2025-09-24 09:26:30 - GET "/javascript/manageUsers.js", parameters={}
2025-09-24 09:26:30 - Mapped to ResourceHttpRequestHandler [classpath [META-INF/resources/], classpath [resources/], classpath [static/], classpath [public/], ServletContext [/]]
2025-09-24 09:26:30 - Mapped to ResourceHttpRequestHandler [classpath [META-INF/resources/], classpath [resources/], classpath [static/], classpath [public/], ServletContext [/]]
2025-09-24 09:26:30 - Mapped to ResourceHttpRequestHandler [classpath [META-INF/resources/], classpath [resources/], classpath [static/], classpath [public/], ServletContext [/]]
2025-09-24 09:26:30 - Mapped to ResourceHttpRequestHandler [classpath [META-INF/resources/], classpath [resources/], classpath [static/], classpath [public/], ServletContext [/]]
2025-09-24 09:26:30 - Mapped to ResourceHttpRequestHandler [classpath [META-INF/resources/], classpath [resources/], classpath [static/], classpath [public/], ServletContext [/]]
2025-09-24 09:26:30 - Completed 200 OK
2025-09-24 09:26:30 - Completed 200 OK
2025-09-24 09:26:30 - Completed 200 OK
2025-09-24 09:26:30 - Completed 200 OK
2025-09-24 09:26:30 - Completed 200 OK
2025-09-24 09:26:30 - Completed 200 OK
2025-09-24 09:26:43 - POST "/manage-users/add", parameters={masked}
2025-09-24 09:26:43 - Mapped to com.amaris.sensorprocessor.controller.UserController#addUser(User, RedirectAttributes)
2025-09-24 09:26:43 - View name [redirect:], model {}
2025-09-24 09:26:43 - Completed 302 FOUND
2025-09-24 09:26:43 - GET "/manage-users", parameters={}
2025-09-24 09:26:43 - Mapped to com.amaris.sensorprocessor.controller.UserController#manageUsers(Model)
2025-09-24 09:26:43 - Selected 'text/html' given [text/html, application/xhtml+xml, image/avif, image/webp, image/apng, application/xml;q=0.9, */*;q=0.8, application/signed-exchange;v=b3;q=0.7]
2025-09-24 09:26:43 - [THYMELEAF][http-nio-8080-exec-10][manageUsers] Deprecated unwrapped fragment expression "fragments/header :: appHeader(pageTitle='Manage Users', homeUrl=@{/})" found in template manageUsers, line 12, col 6. Please use the complete syntax of fragment expressions instead ("~{fragments/header :: appHeader(pageTitle='Manage Users', homeUrl=@{/})}"). The old, unwrapped syntax for fragment expressions will be removed in future versions of Thymeleaf.
2025-09-24 09:26:43 - Completed 200 OK
2025-09-24 09:26:43 - GET "/css/styles.css", parameters={}
2025-09-24 09:26:43 - Mapped to ResourceHttpRequestHandler [classpath [META-INF/resources/], classpath [resources/], classpath [static/], classpath [public/], ServletContext [/]]
2025-09-24 09:26:43 - GET "/javascript/manageUsers.js", parameters={}
2025-09-24 09:26:43 - GET "/image/edit-icon.svg", parameters={}
2025-09-24 09:26:43 - GET "/image/mantu-logo.jpg", parameters={}
2025-09-24 09:26:43 - GET "/css/manageUsers.css", parameters={}
2025-09-24 09:26:43 - Mapped to ResourceHttpRequestHandler [classpath [META-INF/resources/], classpath [resources/], classpath [static/], classpath [public/], ServletContext [/]]
2025-09-24 09:26:43 - Mapped to ResourceHttpRequestHandler [classpath [META-INF/resources/], classpath [resources/], classpath [static/], classpath [public/], ServletContext [/]]
2025-09-24 09:26:43 - Mapped to ResourceHttpRequestHandler [classpath [META-INF/resources/], classpath [resources/], classpath [static/], classpath [public/], ServletContext [/]]
2025-09-24 09:26:43 - Mapped to ResourceHttpRequestHandler [classpath [META-INF/resources/], classpath [resources/], classpath [static/], classpath [public/], ServletContext [/]]
2025-09-24 09:26:43 - GET "/image/delete-icon.svg", parameters={}
2025-09-24 09:26:43 - Completed 200 OK
2025-09-24 09:26:43 - Completed 200 OK
2025-09-24 09:26:43 - Mapped to ResourceHttpRequestHandler [classpath [META-INF/resources/], classpath [resources/], classpath [static/], classpath [public/], ServletContext [/]]
2025-09-24 09:26:43 - Completed 200 OK
2025-09-24 09:26:43 - Completed 200 OK
2025-09-24 09:26:43 - Completed 200 OK
2025-09-24 09:26:43 - Completed 200 OK
2025-09-24 09:29:10 - GET "/home", parameters={}
2025-09-24 09:29:10 - Mapped to com.amaris.sensorprocessor.controller.HomeController#homePage()
2025-09-24 09:29:10 - Selected 'text/html' given [text/html, application/xhtml+xml, image/avif, image/webp, image/apng, application/xml;q=0.9, */*;q=0.8, application/signed-exchange;v=b3;q=0.7]
2025-09-24 09:29:10 - Completed 200 OK
2025-09-24 09:29:10 - GET "/css/login-home.css", parameters={}
2025-09-24 09:29:10 - GET "/css/styles.css", parameters={}
2025-09-24 09:29:10 - GET "/image/sensor-icon.svg", parameters={}
2025-09-24 09:29:10 - GET "/image/user-icon.svg", parameters={}
2025-09-24 09:29:10 - Mapped to ResourceHttpRequestHandler [classpath [META-INF/resources/], classpath [resources/], classpath [static/], classpath [public/], ServletContext [/]]
2025-09-24 09:29:10 - GET "/image/mantu-logo.jpg", parameters={}
2025-09-24 09:29:10 - Mapped to ResourceHttpRequestHandler [classpath [META-INF/resources/], classpath [resources/], classpath [static/], classpath [public/], ServletContext [/]]
2025-09-24 09:29:10 - GET "/image/gateway-icon.svg", parameters={}
2025-09-24 09:29:10 - Mapped to ResourceHttpRequestHandler [classpath [META-INF/resources/], classpath [resources/], classpath [static/], classpath [public/], ServletContext [/]]
2025-09-24 09:29:10 - Mapped to ResourceHttpRequestHandler [classpath [META-INF/resources/], classpath [resources/], classpath [static/], classpath [public/], ServletContext [/]]
2025-09-24 09:29:10 - Mapped to ResourceHttpRequestHandler [classpath [META-INF/resources/], classpath [resources/], classpath [static/], classpath [public/], ServletContext [/]]
2025-09-24 09:29:10 - Mapped to ResourceHttpRequestHandler [classpath [META-INF/resources/], classpath [resources/], classpath [static/], classpath [public/], ServletContext [/]]
2025-09-24 09:29:10 - Completed 200 OK
2025-09-24 09:29:10 - Completed 200 OK
2025-09-24 09:29:10 - Completed 200 OK
2025-09-24 09:29:10 - Completed 200 OK
2025-09-24 09:29:10 - Completed 200 OK
2025-09-24 09:29:10 - Completed 200 OK
2025-09-24 09:29:10 - GET "/image/manage-user-account.svg", parameters={}
2025-09-24 09:29:10 - Mapped to ResourceHttpRequestHandler [classpath [META-INF/resources/], classpath [resources/], classpath [static/], classpath [public/], ServletContext [/]]
2025-09-24 09:29:10 - GET "/image/mantu-background.jpg", parameters={}
2025-09-24 09:29:10 - Mapped to ResourceHttpRequestHandler [classpath [META-INF/resources/], classpath [resources/], classpath [static/], classpath [public/], ServletContext [/]]
2025-09-24 09:29:10 - Completed 200 OK
2025-09-24 09:29:10 - Completed 200 OK
2025-09-24 09:31:34 - GET "/manage-users", parameters={}
2025-09-24 09:31:34 - Mapped to com.amaris.sensorprocessor.controller.UserController#manageUsers(Model)
2025-09-24 09:31:34 - Selected 'text/html' given [text/html, application/xhtml+xml, image/avif, image/webp, image/apng, application/xml;q=0.9, */*;q=0.8, application/signed-exchange;v=b3;q=0.7]
2025-09-24 09:31:34 - [THYMELEAF][http-nio-8080-exec-7][manageUsers] Deprecated unwrapped fragment expression "fragments/header :: appHeader(pageTitle='Manage Users', homeUrl=@{/})" found in template manageUsers, line 12, col 6. Please use the complete syntax of fragment expressions instead ("~{fragments/header :: appHeader(pageTitle='Manage Users', homeUrl=@{/})}"). The old, unwrapped syntax for fragment expressions will be removed in future versions of Thymeleaf.
2025-09-24 09:31:34 - Completed 200 OK
2025-09-24 09:31:34 - GET "/css/styles.css", parameters={}
2025-09-24 09:31:34 - GET "/css/manageUsers.css", parameters={}
2025-09-24 09:31:34 - Mapped to ResourceHttpRequestHandler [classpath [META-INF/resources/], classpath [resources/], classpath [static/], classpath [public/], ServletContext [/]]
2025-09-24 09:31:34 - Mapped to ResourceHttpRequestHandler [classpath [META-INF/resources/], classpath [resources/], classpath [static/], classpath [public/], ServletContext [/]]
2025-09-24 09:31:34 - Completed 200 OK
2025-09-24 09:31:34 - Completed 200 OK
2025-09-24 09:31:34 - GET "/image/mantu-logo.jpg", parameters={}
2025-09-24 09:31:34 - Mapped to ResourceHttpRequestHandler [classpath [META-INF/resources/], classpath [resources/], classpath [static/], classpath [public/], ServletContext [/]]
2025-09-24 09:31:34 - GET "/javascript/manageUsers.js", parameters={}
2025-09-24 09:31:34 - GET "/image/delete-icon.svg", parameters={}
2025-09-24 09:31:34 - Mapped to ResourceHttpRequestHandler [classpath [META-INF/resources/], classpath [resources/], classpath [static/], classpath [public/], ServletContext [/]]
2025-09-24 09:31:34 - GET "/image/edit-icon.svg", parameters={}
2025-09-24 09:31:34 - Mapped to ResourceHttpRequestHandler [classpath [META-INF/resources/], classpath [resources/], classpath [static/], classpath [public/], ServletContext [/]]
2025-09-24 09:31:34 - Mapped to ResourceHttpRequestHandler [classpath [META-INF/resources/], classpath [resources/], classpath [static/], classpath [public/], ServletContext [/]]
2025-09-24 09:31:34 - Completed 200 OK
2025-09-24 09:31:34 - Completed 200 OK
2025-09-24 09:31:34 - Completed 200 OK
2025-09-24 09:31:34 - Completed 200 OK
2025-09-24 09:32:40 - Commencing graceful shutdown. Waiting for active requests to complete
2025-09-24 09:32:40 - Graceful shutdown complete
2025-09-24 09:32:42 - HikariPool-1 - Shutdown initiated...
2025-09-24 09:32:42 - HikariPool-1 - Shutdown completed.
2025-09-24 09:32:48 - Starting SensorprocessorApplication using Java 17.0.12 with PID 21916 (C:\Users\seraphin.verbeke_ama\Desktop\IoT_Management_App\target\classes started by seraphin.verbeke_ama in C:\Users\seraphin.verbeke_ama\Desktop\IoT_Management_App)
2025-09-24 09:32:48 - No active profile set, falling back to 1 default profile: "default"
2025-09-24 09:32:50 - Tomcat initialized with port 8080 (http)
2025-09-24 09:32:50 - Starting service [Tomcat]
2025-09-24 09:32:50 - Starting Servlet engine: [Apache Tomcat/10.1.44]
2025-09-24 09:32:50 - Initializing Spring embedded WebApplicationContext
2025-09-24 09:32:50 - Root WebApplicationContext: initialization completed in 1895 ms
2025-09-24 09:32:50 - Filter 'hiddenHttpMethodFilter' configured for use
2025-09-24 09:32:50 - HikariPool-1 - Starting...
2025-09-24 09:32:50 - HikariPool-1 - Added connection org.sqlite.jdbc4.JDBC4Connection@1b57c345
2025-09-24 09:32:50 - HikariPool-1 - Start completed.
2025-09-24 09:32:51 - Global AuthenticationManager configured with UserDetailsService bean with name customUserDetailsService
2025-09-24 09:32:51 - 31 mappings in 'requestMappingHandlerMapping'
2025-09-24 09:32:52 - Patterns [/webjars/**, /**] in 'resourceHandlerMapping'
2025-09-24 09:32:52 - ControllerAdvice beans: 0 @ModelAttribute, 0 @InitBinder, 1 RequestBodyAdvice, 1 ResponseBodyAdvice
2025-09-24 09:32:52 - ControllerAdvice beans: 0 @ExceptionHandler, 1 ResponseBodyAdvice
2025-09-24 09:32:52 - Tomcat started on port 8080 (http) with context path '/'
2025-09-24 09:32:52 - Started SensorprocessorApplication in 5.343 seconds (process running for 5.845)
2025-09-24 09:33:04 - Initializing Spring DispatcherServlet 'dispatcherServlet'
2025-09-24 09:33:04 - Initializing Servlet 'dispatcherServlet'
2025-09-24 09:33:04 - Detected StandardServletMultipartResolver
2025-09-24 09:33:04 - Detected AcceptHeaderLocaleResolver
2025-09-24 09:33:04 - Detected FixedThemeResolver
2025-09-24 09:33:04 - Detected org.springframework.web.servlet.view.DefaultRequestToViewNameTranslator@5c6c73f2
2025-09-24 09:33:04 - Detected org.springframework.web.servlet.support.SessionFlashMapManager@5b80e617
2025-09-24 09:33:04 - enableLoggingRequestDetails='false': request parameters and headers will be masked to prevent unsafe logging of potentially sensitive data
2025-09-24 09:33:04 - Completed initialization in 2 ms
2025-09-24 09:33:05 - GET "/login", parameters={}
2025-09-24 09:33:05 - Mapped to com.amaris.sensorprocessor.controller.HomeController#loginPage()
2025-09-24 09:33:05 - Selected 'text/html' given [text/html, application/xhtml+xml, image/avif, image/webp, image/apng, application/xml;q=0.9, */*;q=0.8, application/signed-exchange;v=b3;q=0.7]
2025-09-24 09:33:05 - Completed 200 OK
2025-09-24 09:33:05 - GET "/css/styles.css", parameters={}
2025-09-24 09:33:05 - Mapped to ResourceHttpRequestHandler [classpath [META-INF/resources/], classpath [resources/], classpath [static/], classpath [public/], ServletContext [/]]
2025-09-24 09:33:05 - Completed 200 OK
2025-09-24 09:33:05 - GET "/image/mantu-logo.jpg", parameters={}
2025-09-24 09:33:05 - GET "/css/login-home.css", parameters={}
2025-09-24 09:33:05 - Mapped to ResourceHttpRequestHandler [classpath [META-INF/resources/], classpath [resources/], classpath [static/], classpath [public/], ServletContext [/]]
2025-09-24 09:33:05 - Mapped to ResourceHttpRequestHandler [classpath [META-INF/resources/], classpath [resources/], classpath [static/], classpath [public/], ServletContext [/]]
2025-09-24 09:33:05 - Completed 200 OK
2025-09-24 09:33:05 - Completed 200 OK
2025-09-24 09:33:05 - GET "/image/mantu-background.jpg", parameters={}
2025-09-24 09:33:05 - Mapped to ResourceHttpRequestHandler [classpath [META-INF/resources/], classpath [resources/], classpath [static/], classpath [public/], ServletContext [/]]
2025-09-24 09:33:05 - Completed 200 OK
2025-09-24 09:33:08 - GET "/home", parameters={}
2025-09-24 09:33:08 - Mapped to com.amaris.sensorprocessor.controller.HomeController#homePage()
2025-09-24 09:33:08 - Selected 'text/html' given [text/html, application/xhtml+xml, image/avif, image/webp, image/apng, application/xml;q=0.9, */*;q=0.8, application/signed-exchange;v=b3;q=0.7]
2025-09-24 09:33:08 - Completed 200 OK
2025-09-24 09:33:08 - GET "/css/login-home.css", parameters={}
2025-09-24 09:33:08 - GET "/css/styles.css", parameters={}
2025-09-24 09:33:08 - GET "/image/mantu-logo.jpg", parameters={}
2025-09-24 09:33:08 - Mapped to ResourceHttpRequestHandler [classpath [META-INF/resources/], classpath [resources/], classpath [static/], classpath [public/], ServletContext [/]]
2025-09-24 09:33:08 - GET "/image/gateway-icon.svg", parameters={}
2025-09-24 09:33:08 - Mapped to ResourceHttpRequestHandler [classpath [META-INF/resources/], classpath [resources/], classpath [static/], classpath [public/], ServletContext [/]]
2025-09-24 09:33:08 - GET "/image/sensor-icon.svg", parameters={}
2025-09-24 09:33:08 - GET "/image/user-icon.svg", parameters={}
2025-09-24 09:33:08 - Mapped to ResourceHttpRequestHandler [classpath [META-INF/resources/], classpath [resources/], classpath [static/], classpath [public/], ServletContext [/]]
2025-09-24 09:33:08 - Mapped to ResourceHttpRequestHandler [classpath [META-INF/resources/], classpath [resources/], classpath [static/], classpath [public/], ServletContext [/]]
2025-09-24 09:33:08 - Mapped to ResourceHttpRequestHandler [classpath [META-INF/resources/], classpath [resources/], classpath [static/], classpath [public/], ServletContext [/]]
2025-09-24 09:33:08 - Completed 200 OK
2025-09-24 09:33:08 - Mapped to ResourceHttpRequestHandler [classpath [META-INF/resources/], classpath [resources/], classpath [static/], classpath [public/], ServletContext [/]]
2025-09-24 09:33:08 - GET "/image/manage-user-account.svg", parameters={}
2025-09-24 09:33:08 - Mapped to ResourceHttpRequestHandler [classpath [META-INF/resources/], classpath [resources/], classpath [static/], classpath [public/], ServletContext [/]]
2025-09-24 09:33:08 - Completed 200 OK
2025-09-24 09:33:08 - Completed 200 OK
2025-09-24 09:33:08 - Completed 200 OK
2025-09-24 09:33:08 - GET "/image/mantu-background.jpg", parameters={}
2025-09-24 09:33:08 - Mapped to ResourceHttpRequestHandler [classpath [META-INF/resources/], classpath [resources/], classpath [static/], classpath [public/], ServletContext [/]]
2025-09-24 09:33:08 - Completed 200 OK
2025-09-24 09:33:08 - Completed 200 OK
2025-09-24 09:33:08 - Completed 200 OK
2025-09-24 09:33:08 - Completed 200 OK
2025-09-24 09:33:10 - GET "/manage-users", parameters={}
2025-09-24 09:33:10 - Mapped to com.amaris.sensorprocessor.controller.UserController#manageUsers(Model)
2025-09-24 09:33:10 - Selected 'text/html' given [text/html, application/xhtml+xml, image/avif, image/webp, image/apng, application/xml;q=0.9, */*;q=0.8, application/signed-exchange;v=b3;q=0.7]
2025-09-24 09:33:10 - [THYMELEAF][http-nio-8080-exec-9][manageUsers] Deprecated unwrapped fragment expression "fragments/header :: appHeader(pageTitle='Manage Users', homeUrl=@{/})" found in template manageUsers, line 12, col 6. Please use the complete syntax of fragment expressions instead ("~{fragments/header :: appHeader(pageTitle='Manage Users', homeUrl=@{/})}"). The old, unwrapped syntax for fragment expressions will be removed in future versions of Thymeleaf.
2025-09-24 09:33:10 - Completed 200 OK
2025-09-24 09:33:10 - GET "/css/manageUsers.css", parameters={}
2025-09-24 09:33:10 - GET "/image/mantu-logo.jpg", parameters={}
2025-09-24 09:33:10 - GET "/image/edit-icon.svg", parameters={}
2025-09-24 09:33:10 - GET "/css/styles.css", parameters={}
2025-09-24 09:33:10 - Mapped to ResourceHttpRequestHandler [classpath [META-INF/resources/], classpath [resources/], classpath [static/], classpath [public/], ServletContext [/]]
2025-09-24 09:33:10 - GET "/image/delete-icon.svg", parameters={}
2025-09-24 09:33:10 - Mapped to ResourceHttpRequestHandler [classpath [META-INF/resources/], classpath [resources/], classpath [static/], classpath [public/], ServletContext [/]]
2025-09-24 09:33:10 - Mapped to ResourceHttpRequestHandler [classpath [META-INF/resources/], classpath [resources/], classpath [static/], classpath [public/], ServletContext [/]]
2025-09-24 09:33:10 - Mapped to ResourceHttpRequestHandler [classpath [META-INF/resources/], classpath [resources/], classpath [static/], classpath [public/], ServletContext [/]]
2025-09-24 09:33:10 - GET "/javascript/manageUsers.js", parameters={}
2025-09-24 09:33:10 - Completed 200 OK
2025-09-24 09:33:10 - Completed 200 OK
2025-09-24 09:33:10 - Mapped to ResourceHttpRequestHandler [classpath [META-INF/resources/], classpath [resources/], classpath [static/], classpath [public/], ServletContext [/]]
2025-09-24 09:33:10 - Completed 200 OK
2025-09-24 09:33:10 - Mapped to ResourceHttpRequestHandler [classpath [META-INF/resources/], classpath [resources/], classpath [static/], classpath [public/], ServletContext [/]]
2025-09-24 09:33:10 - Completed 200 OK
2025-09-24 09:33:10 - Completed 200 OK
2025-09-24 09:33:10 - Completed 200 OK
2025-09-24 09:33:18 - GET "/login?logout", parameters={masked}
2025-09-24 09:33:18 - Mapped to com.amaris.sensorprocessor.controller.HomeController#loginPage()
2025-09-24 09:33:18 - Selected 'text/html' given [text/html, application/xhtml+xml, image/avif, image/webp, image/apng, application/xml;q=0.9, */*;q=0.8, application/signed-exchange;v=b3;q=0.7]
2025-09-24 09:33:18 - Completed 200 OK
2025-09-24 09:33:18 - GET "/css/styles.css", parameters={}
2025-09-24 09:33:18 - Mapped to ResourceHttpRequestHandler [classpath [META-INF/resources/], classpath [resources/], classpath [static/], classpath [public/], ServletContext [/]]
2025-09-24 09:33:18 - GET "/image/mantu-logo.jpg", parameters={}
2025-09-24 09:33:18 - GET "/css/login-home.css", parameters={}
2025-09-24 09:33:18 - Mapped to ResourceHttpRequestHandler [classpath [META-INF/resources/], classpath [resources/], classpath [static/], classpath [public/], ServletContext [/]]
2025-09-24 09:33:18 - Mapped to ResourceHttpRequestHandler [classpath [META-INF/resources/], classpath [resources/], classpath [static/], classpath [public/], ServletContext [/]]
2025-09-24 09:33:18 - Completed 200 OK
2025-09-24 09:33:18 - Completed 200 OK
2025-09-24 09:33:18 - Completed 200 OK
2025-09-24 09:33:18 - GET "/image/mantu-background.jpg", parameters={}
2025-09-24 09:33:18 - Mapped to ResourceHttpRequestHandler [classpath [META-INF/resources/], classpath [resources/], classpath [static/], classpath [public/], ServletContext [/]]
2025-09-24 09:33:18 - Completed 200 OK
2025-09-24 09:33:35 - GET "/home", parameters={}
2025-09-24 09:33:35 - Mapped to com.amaris.sensorprocessor.controller.HomeController#homePage()
2025-09-24 09:33:35 - Selected 'text/html' given [text/html, application/xhtml+xml, image/avif, image/webp, image/apng, application/xml;q=0.9, */*;q=0.8, application/signed-exchange;v=b3;q=0.7]
2025-09-24 09:33:35 - Completed 200 OK
2025-09-24 09:33:35 - GET "/css/styles.css", parameters={}
2025-09-24 09:33:35 - Mapped to ResourceHttpRequestHandler [classpath [META-INF/resources/], classpath [resources/], classpath [static/], classpath [public/], ServletContext [/]]
2025-09-24 09:33:35 - Completed 200 OK
2025-09-24 09:33:35 - GET "/css/login-home.css", parameters={}
2025-09-24 09:33:35 - Mapped to ResourceHttpRequestHandler [classpath [META-INF/resources/], classpath [resources/], classpath [static/], classpath [public/], ServletContext [/]]
2025-09-24 09:33:35 - Completed 200 OK
2025-09-24 09:33:35 - GET "/image/sensor-icon.svg", parameters={}
2025-09-24 09:33:35 - GET "/image/mantu-logo.jpg", parameters={}
2025-09-24 09:33:35 - Mapped to ResourceHttpRequestHandler [classpath [META-INF/resources/], classpath [resources/], classpath [static/], classpath [public/], ServletContext [/]]
2025-09-24 09:33:35 - Mapped to ResourceHttpRequestHandler [classpath [META-INF/resources/], classpath [resources/], classpath [static/], classpath [public/], ServletContext [/]]
2025-09-24 09:33:35 - GET "/image/user-icon.svg", parameters={}
2025-09-24 09:33:35 - GET "/image/gateway-icon.svg", parameters={}
2025-09-24 09:33:35 - Mapped to ResourceHttpRequestHandler [classpath [META-INF/resources/], classpath [resources/], classpath [static/], classpath [public/], ServletContext [/]]
2025-09-24 09:33:35 - Mapped to ResourceHttpRequestHandler [classpath [META-INF/resources/], classpath [resources/], classpath [static/], classpath [public/], ServletContext [/]]
2025-09-24 09:33:35 - Completed 200 OK
2025-09-24 09:33:35 - GET "/image/manage-user-account.svg", parameters={}
2025-09-24 09:33:35 - Mapped to ResourceHttpRequestHandler [classpath [META-INF/resources/], classpath [resources/], classpath [static/], classpath [public/], ServletContext [/]]
2025-09-24 09:33:35 - Completed 200 OK
2025-09-24 09:33:35 - Completed 200 OK
2025-09-24 09:33:35 - Completed 200 OK
2025-09-24 09:33:35 - Completed 200 OK
2025-09-24 09:33:35 - GET "/image/mantu-background.jpg", parameters={}
2025-09-24 09:33:35 - Mapped to ResourceHttpRequestHandler [classpath [META-INF/resources/], classpath [resources/], classpath [static/], classpath [public/], ServletContext [/]]
2025-09-24 09:33:35 - Completed 200 OK
2025-09-24 09:33:38 - GET "/manage-account", parameters={}
2025-09-24 09:33:38 - Mapped to ResourceHttpRequestHandler [classpath [META-INF/resources/], classpath [resources/], classpath [static/], classpath [public/], ServletContext [/]]
2025-09-24 09:33:38 - Resource not found
2025-09-24 09:33:38 - Resolved [org.springframework.web.servlet.resource.NoResourceFoundException: No static resource manage-account.]
2025-09-24 09:33:38 - Completed 404 NOT_FOUND
2025-09-24 09:33:38 - "ERROR" dispatch for GET "/error", parameters={}
2025-09-24 09:33:38 - Mapped to org.springframework.boot.autoconfigure.web.servlet.error.BasicErrorController#errorHtml(HttpServletRequest, HttpServletResponse)
2025-09-24 09:33:38 - Selected 'text/html' given [text/html, text/html;q=0.8]
2025-09-24 09:33:38 - Exiting from "ERROR" dispatch, status 404
2025-09-24 09:33:41 - GET "/manage-users", parameters={}
2025-09-24 09:33:41 - Mapped to com.amaris.sensorprocessor.controller.UserController#manageUsers(Model)
2025-09-24 09:33:41 - Selected 'text/html' given [text/html, application/xhtml+xml, image/avif, image/webp, image/apng, application/xml;q=0.9, */*;q=0.8, application/signed-exchange;v=b3;q=0.7]
2025-09-24 09:33:41 - [THYMELEAF][http-nio-8080-exec-10][manageUsers] Deprecated unwrapped fragment expression "fragments/header :: appHeader(pageTitle='Manage Users', homeUrl=@{/})" found in template manageUsers, line 12, col 6. Please use the complete syntax of fragment expressions instead ("~{fragments/header :: appHeader(pageTitle='Manage Users', homeUrl=@{/})}"). The old, unwrapped syntax for fragment expressions will be removed in future versions of Thymeleaf.
2025-09-24 09:33:41 - Completed 200 OK
2025-09-24 09:33:41 - GET "/css/manageUsers.css", parameters={}
2025-09-24 09:33:41 - GET "/image/mantu-logo.jpg", parameters={}
2025-09-24 09:33:41 - Mapped to ResourceHttpRequestHandler [classpath [META-INF/resources/], classpath [resources/], classpath [static/], classpath [public/], ServletContext [/]]
2025-09-24 09:33:41 - Mapped to ResourceHttpRequestHandler [classpath [META-INF/resources/], classpath [resources/], classpath [static/], classpath [public/], ServletContext [/]]
2025-09-24 09:33:41 - GET "/image/delete-icon.svg", parameters={}
2025-09-24 09:33:41 - GET "/javascript/manageUsers.js", parameters={}
2025-09-24 09:33:41 - Mapped to ResourceHttpRequestHandler [classpath [META-INF/resources/], classpath [resources/], classpath [static/], classpath [public/], ServletContext [/]]
2025-09-24 09:33:41 - GET "/image/edit-icon.svg", parameters={}
2025-09-24 09:33:41 - GET "/css/styles.css", parameters={}
2025-09-24 09:33:41 - Mapped to ResourceHttpRequestHandler [classpath [META-INF/resources/], classpath [resources/], classpath [static/], classpath [public/], ServletContext [/]]
2025-09-24 09:33:41 - Mapped to ResourceHttpRequestHandler [classpath [META-INF/resources/], classpath [resources/], classpath [static/], classpath [public/], ServletContext [/]]
2025-09-24 09:33:41 - Mapped to ResourceHttpRequestHandler [classpath [META-INF/resources/], classpath [resources/], classpath [static/], classpath [public/], ServletContext [/]]
2025-09-24 09:33:41 - Completed 200 OK
2025-09-24 09:33:41 - Completed 200 OK
2025-09-24 09:33:41 - Completed 200 OK
2025-09-24 09:33:41 - Completed 200 OK
2025-09-24 09:33:41 - Completed 200 OK
2025-09-24 09:33:41 - Completed 200 OK
2025-09-24 09:33:47 - GET "/css/styles.css", parameters={}
2025-09-24 09:33:47 - GET "/css/manageUsers.css", parameters={}
2025-09-24 09:33:47 - Mapped to ResourceHttpRequestHandler [classpath [META-INF/resources/], classpath [resources/], classpath [static/], classpath [public/], ServletContext [/]]
2025-09-24 09:33:47 - Mapped to ResourceHttpRequestHandler [classpath [META-INF/resources/], classpath [resources/], classpath [static/], classpath [public/], ServletContext [/]]
2025-09-24 09:33:47 - Completed 200 OK
2025-09-24 09:33:47 - Completed 200 OK
2025-09-24 09:33:47 - GET "/.well-known/appspecific/com.chrome.devtools.json", parameters={}
2025-09-24 09:33:47 - Mapped to ResourceHttpRequestHandler [classpath [META-INF/resources/], classpath [resources/], classpath [static/], classpath [public/], ServletContext [/]]
2025-09-24 09:33:47 - Resource not found
2025-09-24 09:33:47 - Resolved [org.springframework.web.servlet.resource.NoResourceFoundException: No static resource .well-known/appspecific/com.chrome.devtools.json.]
2025-09-24 09:33:47 - Completed 404 NOT_FOUND
2025-09-24 09:33:47 - "ERROR" dispatch for GET "/error", parameters={}
2025-09-24 09:33:47 - Mapped to org.springframework.boot.autoconfigure.web.servlet.error.BasicErrorController#error(HttpServletRequest)
2025-09-24 09:33:47 - Using 'application/json', given [*/*] and supported [application/json, application/*+json, application/cbor]
2025-09-24 09:33:47 - Writing [{timestamp=Wed Sep 24 09:33:47 CEST 2025, status=404, error=Not Found, path=/.well-known/appspecific (truncated)...]
2025-09-24 09:33:47 - Exiting from "ERROR" dispatch, status 404
2025-09-24 09:34:55 - Commencing graceful shutdown. Waiting for active requests to complete
2025-09-24 09:34:56 - Graceful shutdown complete
2025-09-24 09:34:58 - HikariPool-1 - Shutdown initiated...
2025-09-24 09:34:58 - HikariPool-1 - Shutdown completed.
